[26-Jan-2024 16:18:19 UTC] PHP Deprecated:  Creation of dynamic property Net_SFTP::$attributes is deprecated in /var/www/html/wordpress/wp-content/plugins/ssh-sftp-updater-support/phpseclib/Net/SFTP.php on line 445
[26-Jan-2024 16:18:19 UTC] PHP Deprecated:  Creation of dynamic property Net_SFTP::$open_flags is deprecated in /var/www/html/wordpress/wp-content/plugins/ssh-sftp-updater-support/phpseclib/Net/SFTP.php on line 468
[26-Jan-2024 16:18:19 UTC] PHP Deprecated:  Creation of dynamic property Net_SFTP::$open_flags5 is deprecated in /var/www/html/wordpress/wp-content/plugins/ssh-sftp-updater-support/phpseclib/Net/SFTP.php on line 479
[26-Jan-2024 16:18:19 UTC] PHP Deprecated:  Creation of dynamic property Net_SFTP::$file_types is deprecated in /var/www/html/wordpress/wp-content/plugins/ssh-sftp-updater-support/phpseclib/Net/SFTP.php on line 503
[26-Jan-2024 16:18:19 UTC] PHP Deprecated:  Creation of dynamic property Crypt_Rijndael::$key_size is deprecated in /var/www/html/wordpress/wp-content/plugins/ssh-sftp-updater-support/phpseclib/Crypt/Rijndael.php on line 267
[26-Jan-2024 16:18:19 UTC] PHP Deprecated:  Creation of dynamic property Crypt_Rijndael::$name is deprecated in /var/www/html/wordpress/wp-content/plugins/ssh-sftp-updater-support/phpseclib/Net/SSH2.php on line 1970
[26-Jan-2024 16:18:19 UTC] PHP Deprecated:  Creation of dynamic property Crypt_Rijndael::$key_size is deprecated in /var/www/html/wordpress/wp-content/plugins/ssh-sftp-updater-support/phpseclib/Crypt/Rijndael.php on line 267
[26-Jan-2024 16:18:19 UTC] PHP Deprecated:  Creation of dynamic property Crypt_Rijndael::$name is deprecated in /var/www/html/wordpress/wp-content/plugins/ssh-sftp-updater-support/phpseclib/Net/SSH2.php on line 1996
[26-Jan-2024 16:18:19 UTC] PHP Deprecated:  Creation of dynamic property Crypt_Hash::$name is deprecated in /var/www/html/wordpress/wp-content/plugins/ssh-sftp-updater-support/phpseclib/Net/SSH2.php on line 2035
[26-Jan-2024 16:18:19 UTC] PHP Deprecated:  Creation of dynamic property Crypt_Hash::$name is deprecated in /var/www/html/wordpress/wp-content/plugins/ssh-sftp-updater-support/phpseclib/Net/SSH2.php on line 2065
[26-Jan-2024 16:18:56 UTC] PHP Deprecated:  Creation of dynamic property Net_SFTP::$attributes is deprecated in /var/www/html/wordpress/wp-content/plugins/ssh-sftp-updater-support/phpseclib/Net/SFTP.php on line 445
[26-Jan-2024 16:18:56 UTC] PHP Deprecated:  Creation of dynamic property Net_SFTP::$open_flags is deprecated in /var/www/html/wordpress/wp-content/plugins/ssh-sftp-updater-support/phpseclib/Net/SFTP.php on line 468
[26-Jan-2024 16:18:56 UTC] PHP Deprecated:  Creation of dynamic property Net_SFTP::$open_flags5 is deprecated in /var/www/html/wordpress/wp-content/plugins/ssh-sftp-updater-support/phpseclib/Net/SFTP.php on line 479
[26-Jan-2024 16:18:56 UTC] PHP Deprecated:  Creation of dynamic property Net_SFTP::$file_types is deprecated in /var/www/html/wordpress/wp-content/plugins/ssh-sftp-updater-support/phpseclib/Net/SFTP.php on line 503
[26-Jan-2024 16:18:57 UTC] PHP Deprecated:  Creation of dynamic property Crypt_Rijndael::$key_size is deprecated in /var/www/html/wordpress/wp-content/plugins/ssh-sftp-updater-support/phpseclib/Crypt/Rijndael.php on line 267
[26-Jan-2024 16:18:57 UTC] PHP Deprecated:  Creation of dynamic property Crypt_Rijndael::$name is deprecated in /var/www/html/wordpress/wp-content/plugins/ssh-sftp-updater-support/phpseclib/Net/SSH2.php on line 1970
[26-Jan-2024 16:18:57 UTC] PHP Deprecated:  Creation of dynamic property Crypt_Rijndael::$key_size is deprecated in /var/www/html/wordpress/wp-content/plugins/ssh-sftp-updater-support/phpseclib/Crypt/Rijndael.php on line 267
[26-Jan-2024 16:18:57 UTC] PHP Deprecated:  Creation of dynamic property Crypt_Rijndael::$name is deprecated in /var/www/html/wordpress/wp-content/plugins/ssh-sftp-updater-support/phpseclib/Net/SSH2.php on line 1996
[26-Jan-2024 16:18:57 UTC] PHP Deprecated:  Creation of dynamic property Crypt_Hash::$name is deprecated in /var/www/html/wordpress/wp-content/plugins/ssh-sftp-updater-support/phpseclib/Net/SSH2.php on line 2035
[26-Jan-2024 16:18:57 UTC] PHP Deprecated:  Creation of dynamic property Crypt_Hash::$name is deprecated in /var/www/html/wordpress/wp-content/plugins/ssh-sftp-updater-support/phpseclib/Net/SSH2.php on line 2065
[26-Jan-2024 16:20:33 UTC] PHP Deprecated:  Creation of dynamic property Net_SFTP::$attributes is deprecated in /var/www/html/wordpress/wp-content/plugins/ssh-sftp-updater-support/phpseclib/Net/SFTP.php on line 445
[26-Jan-2024 16:20:33 UTC] PHP Deprecated:  Creation of dynamic property Net_SFTP::$open_flags is deprecated in /var/www/html/wordpress/wp-content/plugins/ssh-sftp-updater-support/phpseclib/Net/SFTP.php on line 468
[26-Jan-2024 16:20:33 UTC] PHP Deprecated:  Creation of dynamic property Net_SFTP::$open_flags5 is deprecated in /var/www/html/wordpress/wp-content/plugins/ssh-sftp-updater-support/phpseclib/Net/SFTP.php on line 479
[26-Jan-2024 16:20:33 UTC] PHP Deprecated:  Creation of dynamic property Net_SFTP::$file_types is deprecated in /var/www/html/wordpress/wp-content/plugins/ssh-sftp-updater-support/phpseclib/Net/SFTP.php on line 503
[26-Jan-2024 16:20:33 UTC] PHP Deprecated:  Creation of dynamic property Crypt_Rijndael::$key_size is deprecated in /var/www/html/wordpress/wp-content/plugins/ssh-sftp-updater-support/phpseclib/Crypt/Rijndael.php on line 267
[26-Jan-2024 16:20:33 UTC] PHP Deprecated:  Creation of dynamic property Crypt_Rijndael::$name is deprecated in /var/www/html/wordpress/wp-content/plugins/ssh-sftp-updater-support/phpseclib/Net/SSH2.php on line 1970
[26-Jan-2024 16:20:33 UTC] PHP Deprecated:  Creation of dynamic property Crypt_Rijndael::$key_size is deprecated in /var/www/html/wordpress/wp-content/plugins/ssh-sftp-updater-support/phpseclib/Crypt/Rijndael.php on line 267
[26-Jan-2024 16:20:33 UTC] PHP Deprecated:  Creation of dynamic property Crypt_Rijndael::$name is deprecated in /var/www/html/wordpress/wp-content/plugins/ssh-sftp-updater-support/phpseclib/Net/SSH2.php on line 1996
[26-Jan-2024 16:20:33 UTC] PHP Deprecated:  Creation of dynamic property Crypt_Hash::$name is deprecated in /var/www/html/wordpress/wp-content/plugins/ssh-sftp-updater-support/phpseclib/Net/SSH2.php on line 2035
[26-Jan-2024 16:20:33 UTC] PHP Deprecated:  Creation of dynamic property Crypt_Hash::$name is deprecated in /var/www/html/wordpress/wp-content/plugins/ssh-sftp-updater-support/phpseclib/Net/SSH2.php on line 2065
[26-Jan-2024 16:25:59 UTC] PHP Deprecated:  Creation of dynamic property W3TC\UserExperience_LazyLoad_Mutator_Unmutable::$placeholder_base is deprecated in /var/www/html/wordpress/wp-content/plugins/w3-total-cache/UserExperience_LazyLoad_Mutator_Unmutable.php on line 10
[26-Jan-2024 16:30:02 UTC] PHP Deprecated:  Creation of dynamic property Net_SFTP::$attributes is deprecated in /var/www/html/wordpress/wp-content/plugins/ssh-sftp-updater-support/phpseclib/Net/SFTP.php on line 445
[26-Jan-2024 16:30:02 UTC] PHP Deprecated:  Creation of dynamic property Net_SFTP::$open_flags is deprecated in /var/www/html/wordpress/wp-content/plugins/ssh-sftp-updater-support/phpseclib/Net/SFTP.php on line 468
[26-Jan-2024 16:30:02 UTC] PHP Deprecated:  Creation of dynamic property Net_SFTP::$open_flags5 is deprecated in /var/www/html/wordpress/wp-content/plugins/ssh-sftp-updater-support/phpseclib/Net/SFTP.php on line 479
[26-Jan-2024 16:30:02 UTC] PHP Deprecated:  Creation of dynamic property Net_SFTP::$file_types is deprecated in /var/www/html/wordpress/wp-content/plugins/ssh-sftp-updater-support/phpseclib/Net/SFTP.php on line 503
[26-Jan-2024 16:30:02 UTC] PHP Deprecated:  Creation of dynamic property Crypt_Rijndael::$key_size is deprecated in /var/www/html/wordpress/wp-content/plugins/ssh-sftp-updater-support/phpseclib/Crypt/Rijndael.php on line 267
[26-Jan-2024 16:30:02 UTC] PHP Deprecated:  Creation of dynamic property Crypt_Rijndael::$name is deprecated in /var/www/html/wordpress/wp-content/plugins/ssh-sftp-updater-support/phpseclib/Net/SSH2.php on line 1970
[26-Jan-2024 16:30:02 UTC] PHP Deprecated:  Creation of dynamic property Crypt_Rijndael::$key_size is deprecated in /var/www/html/wordpress/wp-content/plugins/ssh-sftp-updater-support/phpseclib/Crypt/Rijndael.php on line 267
[26-Jan-2024 16:30:02 UTC] PHP Deprecated:  Creation of dynamic property Crypt_Rijndael::$name is deprecated in /var/www/html/wordpress/wp-content/plugins/ssh-sftp-updater-support/phpseclib/Net/SSH2.php on line 1996
[26-Jan-2024 16:30:02 UTC] PHP Deprecated:  Creation of dynamic property Crypt_Hash::$name is deprecated in /var/www/html/wordpress/wp-content/plugins/ssh-sftp-updater-support/phpseclib/Net/SSH2.php on line 2035
[26-Jan-2024 16:30:02 UTC] PHP Deprecated:  Creation of dynamic property Crypt_Hash::$name is deprecated in /var/www/html/wordpress/wp-content/plugins/ssh-sftp-updater-support/phpseclib/Net/SSH2.php on line 2065
[26-Jan-2024 16:30:44 UTC] PHP Deprecated:  Creation of dynamic property Net_SFTP::$attributes is deprecated in /var/www/html/wordpress/wp-content/plugins/ssh-sftp-updater-support/phpseclib/Net/SFTP.php on line 445
[26-Jan-2024 16:30:44 UTC] PHP Deprecated:  Creation of dynamic property Net_SFTP::$open_flags is deprecated in /var/www/html/wordpress/wp-content/plugins/ssh-sftp-updater-support/phpseclib/Net/SFTP.php on line 468
[26-Jan-2024 16:30:44 UTC] PHP Deprecated:  Creation of dynamic property Net_SFTP::$open_flags5 is deprecated in /var/www/html/wordpress/wp-content/plugins/ssh-sftp-updater-support/phpseclib/Net/SFTP.php on line 479
[26-Jan-2024 16:30:44 UTC] PHP Deprecated:  Creation of dynamic property Net_SFTP::$file_types is deprecated in /var/www/html/wordpress/wp-content/plugins/ssh-sftp-updater-support/phpseclib/Net/SFTP.php on line 503
[26-Jan-2024 16:30:44 UTC] PHP Deprecated:  Creation of dynamic property Crypt_Rijndael::$key_size is deprecated in /var/www/html/wordpress/wp-content/plugins/ssh-sftp-updater-support/phpseclib/Crypt/Rijndael.php on line 267
[26-Jan-2024 16:30:44 UTC] PHP Deprecated:  Creation of dynamic property Crypt_Rijndael::$name is deprecated in /var/www/html/wordpress/wp-content/plugins/ssh-sftp-updater-support/phpseclib/Net/SSH2.php on line 1970
[26-Jan-2024 16:30:44 UTC] PHP Deprecated:  Creation of dynamic property Crypt_Rijndael::$key_size is deprecated in /var/www/html/wordpress/wp-content/plugins/ssh-sftp-updater-support/phpseclib/Crypt/Rijndael.php on line 267
[26-Jan-2024 16:30:44 UTC] PHP Deprecated:  Creation of dynamic property Crypt_Rijndael::$name is deprecated in /var/www/html/wordpress/wp-content/plugins/ssh-sftp-updater-support/phpseclib/Net/SSH2.php on line 1996
[26-Jan-2024 16:30:44 UTC] PHP Deprecated:  Creation of dynamic property Crypt_Hash::$name is deprecated in /var/www/html/wordpress/wp-content/plugins/ssh-sftp-updater-support/phpseclib/Net/SSH2.php on line 2035
[26-Jan-2024 16:30:44 UTC] PHP Deprecated:  Creation of dynamic property Crypt_Hash::$name is deprecated in /var/www/html/wordpress/wp-content/plugins/ssh-sftp-updater-support/phpseclib/Net/SSH2.php on line 2065
[26-Jan-2024 16:30:57 UTC] PHP Deprecated:  Creation of dynamic property Net_SFTP::$attributes is deprecated in /var/www/html/wordpress/wp-content/plugins/ssh-sftp-updater-support/phpseclib/Net/SFTP.php on line 445
[26-Jan-2024 16:30:57 UTC] PHP Deprecated:  Creation of dynamic property Net_SFTP::$open_flags is deprecated in /var/www/html/wordpress/wp-content/plugins/ssh-sftp-updater-support/phpseclib/Net/SFTP.php on line 468
[26-Jan-2024 16:30:57 UTC] PHP Deprecated:  Creation of dynamic property Net_SFTP::$open_flags5 is deprecated in /var/www/html/wordpress/wp-content/plugins/ssh-sftp-updater-support/phpseclib/Net/SFTP.php on line 479
[26-Jan-2024 16:30:57 UTC] PHP Deprecated:  Creation of dynamic property Net_SFTP::$file_types is deprecated in /var/www/html/wordpress/wp-content/plugins/ssh-sftp-updater-support/phpseclib/Net/SFTP.php on line 503
[26-Jan-2024 16:30:57 UTC] PHP Deprecated:  Creation of dynamic property Crypt_Rijndael::$key_size is deprecated in /var/www/html/wordpress/wp-content/plugins/ssh-sftp-updater-support/phpseclib/Crypt/Rijndael.php on line 267
[26-Jan-2024 16:30:57 UTC] PHP Deprecated:  Creation of dynamic property Crypt_Rijndael::$name is deprecated in /var/www/html/wordpress/wp-content/plugins/ssh-sftp-updater-support/phpseclib/Net/SSH2.php on line 1970
[26-Jan-2024 16:30:57 UTC] PHP Deprecated:  Creation of dynamic property Crypt_Rijndael::$key_size is deprecated in /var/www/html/wordpress/wp-content/plugins/ssh-sftp-updater-support/phpseclib/Crypt/Rijndael.php on line 267
[26-Jan-2024 16:30:57 UTC] PHP Deprecated:  Creation of dynamic property Crypt_Rijndael::$name is deprecated in /var/www/html/wordpress/wp-content/plugins/ssh-sftp-updater-support/phpseclib/Net/SSH2.php on line 1996
[26-Jan-2024 16:30:57 UTC] PHP Deprecated:  Creation of dynamic property Crypt_Hash::$name is deprecated in /var/www/html/wordpress/wp-content/plugins/ssh-sftp-updater-support/phpseclib/Net/SSH2.php on line 2035
[26-Jan-2024 16:30:57 UTC] PHP Deprecated:  Creation of dynamic property Crypt_Hash::$name is deprecated in /var/www/html/wordpress/wp-content/plugins/ssh-sftp-updater-support/phpseclib/Net/SSH2.php on line 2065
[26-Jan-2024 16:31:27 UTC] PHP Deprecated:  Creation of dynamic property Net_SFTP::$attributes is deprecated in /var/www/html/wordpress/wp-content/plugins/ssh-sftp-updater-support/phpseclib/Net/SFTP.php on line 445
[26-Jan-2024 16:31:27 UTC] PHP Deprecated:  Creation of dynamic property Net_SFTP::$open_flags is deprecated in /var/www/html/wordpress/wp-content/plugins/ssh-sftp-updater-support/phpseclib/Net/SFTP.php on line 468
[26-Jan-2024 16:31:27 UTC] PHP Deprecated:  Creation of dynamic property Net_SFTP::$open_flags5 is deprecated in /var/www/html/wordpress/wp-content/plugins/ssh-sftp-updater-support/phpseclib/Net/SFTP.php on line 479
[26-Jan-2024 16:31:27 UTC] PHP Deprecated:  Creation of dynamic property Net_SFTP::$file_types is deprecated in /var/www/html/wordpress/wp-content/plugins/ssh-sftp-updater-support/phpseclib/Net/SFTP.php on line 503
[26-Jan-2024 16:31:27 UTC] PHP Deprecated:  Creation of dynamic property Crypt_Rijndael::$key_size is deprecated in /var/www/html/wordpress/wp-content/plugins/ssh-sftp-updater-support/phpseclib/Crypt/Rijndael.php on line 267
[26-Jan-2024 16:31:27 UTC] PHP Deprecated:  Creation of dynamic property Crypt_Rijndael::$name is deprecated in /var/www/html/wordpress/wp-content/plugins/ssh-sftp-updater-support/phpseclib/Net/SSH2.php on line 1970
[26-Jan-2024 16:31:27 UTC] PHP Deprecated:  Creation of dynamic property Crypt_Rijndael::$key_size is deprecated in /var/www/html/wordpress/wp-content/plugins/ssh-sftp-updater-support/phpseclib/Crypt/Rijndael.php on line 267
[26-Jan-2024 16:31:27 UTC] PHP Deprecated:  Creation of dynamic property Crypt_Rijndael::$name is deprecated in /var/www/html/wordpress/wp-content/plugins/ssh-sftp-updater-support/phpseclib/Net/SSH2.php on line 1996
[26-Jan-2024 16:31:27 UTC] PHP Deprecated:  Creation of dynamic property Crypt_Hash::$name is deprecated in /var/www/html/wordpress/wp-content/plugins/ssh-sftp-updater-support/phpseclib/Net/SSH2.php on line 2035
[26-Jan-2024 16:31:27 UTC] PHP Deprecated:  Creation of dynamic property Crypt_Hash::$name is deprecated in /var/www/html/wordpress/wp-content/plugins/ssh-sftp-updater-support/phpseclib/Net/SSH2.php on line 2065
